<?xml version="1.0" encoding="UTF-8"?>
<testsuite xmlns:xsi="http://www.w3.org/2001/XMLSchema-instance" xsi:noNamespaceSchemaLocation="https://maven.apache.org/surefire/maven-surefire-plugin/xsd/surefire-test-report.xsd" name="com.ben.pixcreator.server.test.UserHibServiceTest" time="4.703" tests="5" errors="0" skipped="0" failures="0">
  <properties>
[...]
</properties>
  <testcase name="persistTest" classname="com.ben.pixcreator.server.test.UserHibServiceTest" time="0.239"/>
  <testcase name="updateTest" classname="com.ben.pixcreator.server.test.UserHibServiceTest" time="0.165"/>
  <testcase name="findUserByEmailTest" classname="com.ben.pixcreator.server.test.UserHibServiceTest" time="0.025"/>
  <testcase name="persistAndFetchByEmailTest" classname="com.ben.pixcreator.server.test.UserHibServiceTest" time="0.032"/>
  <testcase name="deleteTest" classname="com.ben.pixcreator.server.test.UserHibServiceTest" time="0.018"/>
</testsuite>